{"/Users/jacksontian/git/wechat-enterprise/index.js":{"path":"/Users/jacksontian/git/wechat-enterprise/index.js","s":{"1":1,"2":1,"3":1,"4":1,"5":1,"6":1,"7":1,"8":1,"9":1,"10":1,"11":1,"12":1},"b":{},"f":{},"fnMap":{},"statementMap":{"1":{"start":{"line":1,"column":0},"end":{"line":1,"column":48}},"2":{"start":{"line":2,"column":0},"end":{"line":2,"column":36}},"3":{"start":{"line":3,"column":0},"end":{"line":3,"column":38}},"4":{"start":{"line":5,"column":0},"end":{"line":5,"column":43}},"5":{"start":{"line":7,"column":0},"end":{"line":7,"column":38}},"6":{"start":{"line":9,"column":0},"end":{"line":9,"column":37}},"7":{"start":{"line":11,"column":0},"end":{"line":11,"column":40}},"8":{"start":{"line":13,"column":0},"end":{"line":13,"column":36}},"9":{"start":{"line":15,"column":0},"end":{"line":15,"column":37}},"10":{"start":{"line":17,"column":0},"end":{"line":17,"column":17}},"11":{"start":{"line":18,"column":0},"end":{"line":18,"column":36}},"12":{"start":{"line":19,"column":0},"end":{"line":19,"column":24}}},"branchMap":{}},"/Users/jacksontian/git/wechat-enterprise/lib/wechat-enterprise.js":{"path":"/Users/jacksontian/git/wechat-enterprise/lib/wechat-enterprise.js","s":{"1":2,"2":2,"3":2,"4":2,"5":2,"6":2,"7":2,"8":2,"9":2,"10":2,"11":23,"12":23,"13":22,"14":23,"15":22,"16":23,"17":2,"18":37,"19":37,"20":36,"21":175,"22":175,"23":175,"24":0,"25":175,"26":0,"27":37,"28":2,"29":25,"30":25,"31":25,"32":25,"33":1,"34":24,"35":7,"36":6,"37":6,"38":1,"39":25,"40":25,"41":25,"42":25,"43":25,"44":2,"45":8,"46":18,"47":18,"48":18,"49":16,"50":16,"51":0,"52":16,"53":16,"54":16,"55":16,"56":16,"57":16,"58":16,"59":18,"60":18,"61":7,"62":7,"63":7,"64":2,"65":1,"66":1,"67":7,"68":5,"69":18,"70":4,"71":14,"72":18,"73":16,"74":16,"75":16,"76":16,"77":16,"78":16,"79":15,"80":16,"81":3,"82":3,"83":2,"84":2,"85":1,"86":1,"87":1,"88":1,"89":1,"90":16,"91":1,"92":1,"93":16,"94":16,"95":4,"96":4,"97":12,"98":16,"99":2,"100":2,"101":8,"102":8,"103":8,"104":2,"105":15,"106":15,"107":2,"108":14,"109":15,"110":2,"111":18,"112":0,"113":2,"114":8,"115":8,"116":8,"117":8,"118":8,"119":23,"120":23,"121":23,"122":23,"123":23,"124":2,"125":2,"126":1,"127":1,"128":1,"129":1,"130":1,"131":1,"132":21,"133":21,"134":21,"135":0,"136":21,"137":21,"138":1,"139":1,"140":1,"141":20,"142":20,"143":1,"144":1,"145":19,"146":19,"147":19,"148":1,"149":1,"150":1,"151":18,"152":18,"153":18,"154":0,"155":0,"156":0,"157":18,"158":18,"159":18,"160":0,"161":0,"162":18,"163":18,"164":0,"165":0,"166":2,"167":8,"168":1,"169":7,"170":7,"171":4,"172":4,"173":3,"174":2,"175":14,"176":4,"177":2,"178":2,"179":2,"180":2,"181":2},"b":{"1":[36,1],"2":[175,0],"3":[0,175],"4":[175,0],"5":[25,0],"6":[1,24],"7":[7,17],"8":[6,1],"9":[0,16],"10":[7,11],"11":[18,17,16],"12":[1,1],"13":[5,2],"14":[2,3],"15":[4,14],"16":[16,2],"17":[15,1],"18":[2,1],"19":[1,1],"20":[4,12],"21":[18,14,0],"22":[2,21],"23":[1,1],"24":[21,0],"25":[0,21],"26":[1,20],"27":[1,19],"28":[1,18],"29":[0,18],"30":[0,18],"31":[1,7],"32":[7,0],"33":[4,3]},"f":{"1":23,"2":22,"3":22,"4":37,"5":25,"6":8,"7":18,"8":16,"9":18,"10":2,"11":1,"12":1,"13":16,"14":3,"15":1,"16":16,"17":8,"18":15,"19":14,"20":15,"21":18,"22":0,"23":8,"24":23,"25":21,"26":20,"27":18,"28":8,"29":14,"30":4},"fnMap":{"1":{"name":"(anonymous_1)","line":73,"loc":{"start":{"line":73,"column":11},"end":{"line":73,"column":39}}},"2":{"name":"(anonymous_2)","line":75,"loc":{"start":{"line":75,"column":20},"end":{"line":75,"column":37}}},"3":{"name":"(anonymous_3)","line":78,"loc":{"start":{"line":78,"column":19},"end":{"line":78,"column":31}}},"4":{"name":"(anonymous_4)","line":87,"loc":{"start":{"line":87,"column":20},"end":{"line":87,"column":38}}},"5":{"name":"(anonymous_5)","line":109,"loc":{"start":{"line":109,"column":12},"end":{"line":109,"column":57}}},"6":{"name":"(anonymous_6)","line":130,"loc":{"start":{"line":130,"column":14},"end":{"line":130,"column":33}}},"7":{"name":"(anonymous_7)","line":131,"loc":{"start":{"line":131,"column":9},"end":{"line":131,"column":35}}},"8":{"name":"(anonymous_8)","line":135,"loc":{"start":{"line":135,"column":16},"end":{"line":135,"column":35}}},"9":{"name":"(anonymous_9)","line":150,"loc":{"start":{"line":150,"column":15},"end":{"line":150,"column":27}}},"10":{"name":"(anonymous_10)","line":155,"loc":{"start":{"line":155,"column":22},"end":{"line":155,"column":41}}},"11":{"name":"(anonymous_11)","line":156,"loc":{"start":{"line":156,"column":34},"end":{"line":156,"column":53}}},"12":{"name":"(anonymous_12)","line":158,"loc":{"start":{"line":158,"column":14},"end":{"line":158,"column":40}}},"13":{"name":"(anonymous_13)","line":181,"loc":{"start":{"line":181,"column":16},"end":{"line":181,"column":28}}},"14":{"name":"(anonymous_14)","line":188,"loc":{"start":{"line":188,"column":17},"end":{"line":188,"column":43}}},"15":{"name":"(anonymous_15)","line":203,"loc":{"start":{"line":203,"column":19},"end":{"line":203,"column":31}}},"16":{"name":"(anonymous_16)","line":208,"loc":{"start":{"line":208,"column":26},"end":{"line":208,"column":50}}},"17":{"name":"(anonymous_17)","line":237,"loc":{"start":{"line":237,"column":14},"end":{"line":237,"column":40}}},"18":{"name":"(anonymous_18)","line":257,"loc":{"start":{"line":257,"column":31},"end":{"line":257,"column":51}}},"19":{"name":"(anonymous_19)","line":262,"loc":{"start":{"line":262,"column":73},"end":{"line":262,"column":91}}},"20":{"name":"(anonymous_20)","line":263,"loc":{"start":{"line":263,"column":30},"end":{"line":263,"column":44}}},"21":{"name":"(anonymous_21)","line":272,"loc":{"start":{"line":272,"column":31},"end":{"line":272,"column":47}}},"22":{"name":"(anonymous_22)","line":273,"loc":{"start":{"line":273,"column":47},"end":{"line":273,"column":79}}},"23":{"name":"(anonymous_23)","line":281,"loc":{"start":{"line":281,"column":33},"end":{"line":281,"column":45}}},"24":{"name":"(anonymous_24)","line":287,"loc":{"start":{"line":287,"column":9},"end":{"line":287,"column":35}}},"25":{"name":"(anonymous_25)","line":305,"loc":{"start":{"line":305,"column":16},"end":{"line":305,"column":36}}},"26":{"name":"(anonymous_26)","line":315,"loc":{"start":{"line":315,"column":46},"end":{"line":315,"column":69}}},"27":{"name":"(anonymous_27)","line":335,"loc":{"start":{"line":335,"column":59},"end":{"line":335,"column":82}}},"28":{"name":"(anonymous_28)","line":385,"loc":{"start":{"line":385,"column":17},"end":{"line":385,"column":43}}},"29":{"name":"(anonymous_29)","line":400,"loc":{"start":{"line":400,"column":73},"end":{"line":400,"column":91}}},"30":{"name":"(anonymous_30)","line":401,"loc":{"start":{"line":401,"column":23},"end":{"line":401,"column":37}}}},"statementMap":{"1":{"start":{"line":1,"column":0},"end":{"line":1,"column":31}},"2":{"start":{"line":2,"column":0},"end":{"line":2,"column":25}},"3":{"start":{"line":3,"column":0},"end":{"line":3,"column":35}},"4":{"start":{"line":4,"column":0},"end":{"line":4,"column":29}},"5":{"start":{"line":5,"column":0},"end":{"line":5,"column":44}},"6":{"start":{"line":10,"column":0},"end":{"line":57,"column":21}},"7":{"start":{"line":62,"column":0},"end":{"line":62,"column":32}},"8":{"start":{"line":64,"column":0},"end":{"line":69,"column":9}},"9":{"start":{"line":71,"column":0},"end":{"line":71,"column":39}},"10":{"start":{"line":73,"column":0},"end":{"line":82,"column":2}},"11":{"start":{"line":74,"column":2},"end":{"line":74,"column":19}},"12":{"start":{"line":75,"column":2},"end":{"line":77,"column":5}},"13":{"start":{"line":76,"column":4},"end":{"line":76,"column":24}},"14":{"start":{"line":78,"column":2},"end":{"line":80,"column":5}},"15":{"start":{"line":79,"column":4},"end":{"line":79,"column":43}},"16":{"start":{"line":81,"column":2},"end":{"line":81,"column":33}},"17":{"start":{"line":87,"column":0},"end":{"line":104,"column":2}},"18":{"start":{"line":88,"column":2},"end":{"line":88,"column":19}},"19":{"start":{"line":89,"column":2},"end":{"line":102,"column":3}},"20":{"start":{"line":90,"column":4},"end":{"line":101,"column":5}},"21":{"start":{"line":91,"column":6},"end":{"line":100,"column":7}},"22":{"start":{"line":92,"column":8},"end":{"line":92,"column":33}},"23":{"start":{"line":93,"column":8},"end":{"line":97,"column":9}},"24":{"start":{"line":94,"column":10},"end":{"line":94,"column":44}},"25":{"start":{"line":96,"column":10},"end":{"line":96,"column":44}},"26":{"start":{"line":99,"column":8},"end":{"line":99,"column":49}},"27":{"start":{"line":103,"column":2},"end":{"line":103,"column":17}},"28":{"start":{"line":109,"column":0},"end":{"line":128,"column":2}},"29":{"start":{"line":110,"column":2},"end":{"line":110,"column":16}},"30":{"start":{"line":111,"column":2},"end":{"line":111,"column":20}},"31":{"start":{"line":112,"column":2},"end":{"line":112,"column":31}},"32":{"start":{"line":113,"column":2},"end":{"line":122,"column":3}},"33":{"start":{"line":114,"column":4},"end":{"line":114,"column":18}},"34":{"start":{"line":115,"column":9},"end":{"line":122,"column":3}},"35":{"start":{"line":116,"column":4},"end":{"line":121,"column":5}},"36":{"start":{"line":117,"column":6},"end":{"line":117,"column":26}},"37":{"start":{"line":118,"column":6},"end":{"line":118,"column":37}},"38":{"start":{"line":120,"column":6},"end":{"line":120,"column":21}},"39":{"start":{"line":123,"column":2},"end":{"line":123,"column":22}},"40":{"start":{"line":124,"column":2},"end":{"line":124,"column":41}},"41":{"start":{"line":125,"column":2},"end":{"line":125,"column":31}},"42":{"start":{"line":126,"column":2},"end":{"line":126,"column":35}},"43":{"start":{"line":127,"column":2},"end":{"line":127,"column":24}},"44":{"start":{"line":130,"column":0},"end":{"line":221,"column":2}},"45":{"start":{"line":131,"column":2},"end":{"line":220,"column":4}},"46":{"start":{"line":132,"column":4},"end":{"line":132,"column":29}},"47":{"start":{"line":133,"column":4},"end":{"line":133,"column":55}},"48":{"start":{"line":135,"column":4},"end":{"line":148,"column":6}},"49":{"start":{"line":136,"column":6},"end":{"line":136,"column":25}},"50":{"start":{"line":138,"column":6},"end":{"line":140,"column":7}},"51":{"start":{"line":139,"column":8},"end":{"line":139,"column":25}},"52":{"start":{"line":141,"column":6},"end":{"line":141,"column":73}},"53":{"start":{"line":142,"column":6},"end":{"line":142,"column":20}},"54":{"start":{"line":143,"column":6},"end":{"line":143,"column":50}},"55":{"start":{"line":144,"column":6},"end":{"line":144,"column":64}},"56":{"start":{"line":145,"column":6},"end":{"line":145,"column":44}},"57":{"start":{"line":146,"column":6},"end":{"line":146,"column":94}},"58":{"start":{"line":147,"column":6},"end":{"line":147,"column":33}},"59":{"start":{"line":150,"column":4},"end":{"line":175,"column":6}},"60":{"start":{"line":152,"column":6},"end":{"line":167,"column":7}},"61":{"start":{"line":153,"column":8},"end":{"line":153,"column":49}},"62":{"start":{"line":154,"column":8},"end":{"line":154,"column":47}},"63":{"start":{"line":155,"column":8},"end":{"line":161,"column":10}},"64":{"start":{"line":156,"column":10},"end":{"line":160,"column":12}},"65":{"start":{"line":157,"column":12},"end":{"line":157,"column":31}},"66":{"start":{"line":159,"column":12},"end":{"line":159,"column":31}},"67":{"start":{"line":164,"column":8},"end":{"line":166,"column":9}},"68":{"start":{"line":165,"column":10},"end":{"line":165,"column":75}},"69":{"start":{"line":170,"column":6},"end":{"line":174,"column":7}},"70":{"start":{"line":171,"column":8},"end":{"line":171,"column":33}},"71":{"start":{"line":173,"column":8},"end":{"line":173,"column":42}},"72":{"start":{"line":177,"column":4},"end":{"line":219,"column":5}},"73":{"start":{"line":178,"column":6},"end":{"line":178,"column":37}},"74":{"start":{"line":179,"column":6},"end":{"line":179,"column":25}},"75":{"start":{"line":180,"column":6},"end":{"line":180,"column":67}},"76":{"start":{"line":181,"column":6},"end":{"line":186,"column":8}},"77":{"start":{"line":182,"column":8},"end":{"line":182,"column":35}},"78":{"start":{"line":183,"column":8},"end":{"line":185,"column":9}},"79":{"start":{"line":184,"column":10},"end":{"line":184,"column":31}},"80":{"start":{"line":188,"column":6},"end":{"line":200,"column":8}},"81":{"start":{"line":189,"column":8},"end":{"line":189,"column":34}},"82":{"start":{"line":190,"column":8},"end":{"line":199,"column":9}},"83":{"start":{"line":191,"column":10},"end":{"line":191,"column":37}},"84":{"start":{"line":192,"column":10},"end":{"line":192,"column":38}},"85":{"start":{"line":194,"column":10},"end":{"line":194,"column":57}},"86":{"start":{"line":195,"column":10},"end":{"line":195,"column":42}},"87":{"start":{"line":196,"column":10},"end":{"line":196,"column":29}},"88":{"start":{"line":197,"column":10},"end":{"line":197,"column":28}},"89":{"start":{"line":198,"column":10},"end":{"line":198,"column":36}},"90":{"start":{"line":203,"column":6},"end":{"line":206,"column":8}},"91":{"start":{"line":204,"column":8},"end":{"line":204,"column":35}},"92":{"start":{"line":205,"column":8},"end":{"line":205,"column":40}},"93":{"start":{"line":208,"column":6},"end":{"line":216,"column":9}},"94":{"start":{"line":209,"column":8},"end":{"line":214,"column":9}},"95":{"start":{"line":210,"column":10},"end":{"line":210,"column":51}},"96":{"start":{"line":211,"column":10},"end":{"line":211,"column":52}},"97":{"start":{"line":213,"column":10},"end":{"line":213,"column":60}},"98":{"start":{"line":215,"column":8},"end":{"line":215,"column":15}},"99":{"start":{"line":218,"column":6},"end":{"line":218,"column":13}},"100":{"start":{"line":237,"column":0},"end":{"line":241,"column":2}},"101":{"start":{"line":238,"column":2},"end":{"line":238,"column":23}},"102":{"start":{"line":239,"column":2},"end":{"line":239,"column":21}},"103":{"start":{"line":240,"column":2},"end":{"line":240,"column":23}},"104":{"start":{"line":257,"column":0},"end":{"line":260,"column":2}},"105":{"start":{"line":258,"column":2},"end":{"line":258,"column":27}},"106":{"start":{"line":259,"column":2},"end":{"line":259,"column":14}},"107":{"start":{"line":262,"column":0},"end":{"line":266,"column":3}},"108":{"start":{"line":263,"column":2},"end":{"line":265,"column":4}},"109":{"start":{"line":264,"column":4},"end":{"line":264,"column":39}},"110":{"start":{"line":272,"column":0},"end":{"line":276,"column":2}},"111":{"start":{"line":273,"column":2},"end":{"line":275,"column":4}},"112":{"start":{"line":274,"column":4},"end":{"line":274,"column":11}},"113":{"start":{"line":281,"column":0},"end":{"line":350,"column":2}},"114":{"start":{"line":282,"column":2},"end":{"line":282,"column":18}},"115":{"start":{"line":283,"column":2},"end":{"line":283,"column":27}},"116":{"start":{"line":284,"column":2},"end":{"line":284,"column":87}},"117":{"start":{"line":285,"column":2},"end":{"line":285,"column":31}},"118":{"start":{"line":287,"column":2},"end":{"line":349,"column":4}},"119":{"start":{"line":288,"column":4},"end":{"line":288,"column":28}},"120":{"start":{"line":289,"column":4},"end":{"line":289,"column":44}},"121":{"start":{"line":290,"column":4},"end":{"line":290,"column":40}},"122":{"start":{"line":291,"column":4},"end":{"line":291,"column":32}},"123":{"start":{"line":293,"column":4},"end":{"line":348,"column":5}},"124":{"start":{"line":294,"column":6},"end":{"line":294,"column":38}},"125":{"start":{"line":295,"column":6},"end":{"line":299,"column":7}},"126":{"start":{"line":296,"column":8},"end":{"line":296,"column":27}},"127":{"start":{"line":297,"column":8},"end":{"line":297,"column":37}},"128":{"start":{"line":298,"column":8},"end":{"line":298,"column":15}},"129":{"start":{"line":300,"column":6},"end":{"line":300,"column":49}},"130":{"start":{"line":302,"column":6},"end":{"line":302,"column":25}},"131":{"start":{"line":303,"column":6},"end":{"line":303,"column":30}},"132":{"start":{"line":304,"column":11},"end":{"line":348,"column":5}},"133":{"start":{"line":305,"column":6},"end":{"line":344,"column":9}},"134":{"start":{"line":306,"column":8},"end":{"line":308,"column":9}},"135":{"start":{"line":307,"column":10},"end":{"line":307,"column":27}},"136":{"start":{"line":309,"column":8},"end":{"line":309,"column":40}},"137":{"start":{"line":310,"column":8},"end":{"line":314,"column":9}},"138":{"start":{"line":311,"column":10},"end":{"line":311,"column":52}},"139":{"start":{"line":312,"column":10},"end":{"line":312,"column":35}},"140":{"start":{"line":313,"column":10},"end":{"line":313,"column":32}},"141":{"start":{"line":315,"column":8},"end":{"line":343,"column":11}},"142":{"start":{"line":316,"column":10},"end":{"line":319,"column":11}},"143":{"start":{"line":317,"column":12},"end":{"line":317,"column":47}},"144":{"start":{"line":318,"column":12},"end":{"line":318,"column":29}},"145":{"start":{"line":320,"column":10},"end":{"line":320,"column":46}},"146":{"start":{"line":321,"column":10},"end":{"line":321,"column":43}},"147":{"start":{"line":322,"column":10},"end":{"line":326,"column":11}},"148":{"start":{"line":323,"column":12},"end":{"line":323,"column":31}},"149":{"start":{"line":324,"column":12},"end":{"line":324,"column":41}},"150":{"start":{"line":325,"column":12},"end":{"line":325,"column":19}},"151":{"start":{"line":327,"column":10},"end":{"line":327,"column":63}},"152":{"start":{"line":328,"column":10},"end":{"line":328,"column":49}},"153":{"start":{"line":329,"column":10},"end":{"line":333,"column":11}},"154":{"start":{"line":330,"column":12},"end":{"line":330,"column":31}},"155":{"start":{"line":331,"column":12},"end":{"line":331,"column":38}},"156":{"start":{"line":332,"column":12},"end":{"line":332,"column":19}},"157":{"start":{"line":334,"column":10},"end":{"line":334,"column":42}},"158":{"start":{"line":335,"column":10},"end":{"line":342,"column":13}},"159":{"start":{"line":336,"column":12},"end":{"line":339,"column":13}},"160":{"start":{"line":337,"column":14},"end":{"line":337,"column":49}},"161":{"start":{"line":338,"column":14},"end":{"line":338,"column":31}},"162":{"start":{"line":340,"column":12},"end":{"line":340,"column":51}},"163":{"start":{"line":341,"column":12},"end":{"line":341,"column":37}},"164":{"start":{"line":346,"column":6},"end":{"line":346,"column":25}},"165":{"start":{"line":347,"column":6},"end":{"line":347,"column":33}},"166":{"start":{"line":385,"column":0},"end":{"line":398,"column":2}},"167":{"start":{"line":386,"column":2},"end":{"line":388,"column":3}},"168":{"start":{"line":387,"column":4},"end":{"line":387,"column":31}},"169":{"start":{"line":390,"column":2},"end":{"line":397,"column":3}},"170":{"start":{"line":391,"column":4},"end":{"line":396,"column":5}},"171":{"start":{"line":392,"column":6},"end":{"line":392,"column":29}},"172":{"start":{"line":393,"column":6},"end":{"line":393,"column":35}},"173":{"start":{"line":395,"column":6},"end":{"line":395,"column":56}},"174":{"start":{"line":400,"column":0},"end":{"line":404,"column":3}},"175":{"start":{"line":401,"column":2},"end":{"line":403,"column":4}},"176":{"start":{"line":402,"column":4},"end":{"line":402,"column":39}},"177":{"start":{"line":406,"column":0},"end":{"line":406,"column":25}},"178":{"start":{"line":407,"column":0},"end":{"line":407,"column":37}},"179":{"start":{"line":408,"column":0},"end":{"line":408,"column":28}},"180":{"start":{"line":409,"column":0},"end":{"line":409,"column":41}},"181":{"start":{"line":411,"column":0},"end":{"line":411,"column":28}}},"branchMap":{"1":{"line":89,"type":"if","locations":[{"start":{"line":89,"column":2},"end":{"line":89,"column":2}},{"start":{"line":89,"column":2},"end":{"line":89,"column":2}}]},"2":{"line":91,"type":"if","locations":[{"start":{"line":91,"column":6},"end":{"line":91,"column":6}},{"start":{"line":91,"column":6},"end":{"line":91,"column":6}}]},"3":{"line":93,"type":"if","locations":[{"start":{"line":93,"column":8},"end":{"line":93,"column":8}},{"start":{"line":93,"column":8},"end":{"line":93,"column":8}}]},"4":{"line":96,"type":"binary-expr","locations":[{"start":{"line":96,"column":26},"end":{"line":96,"column":29}},{"start":{"line":96,"column":33},"end":{"line":96,"column":35}}]},"5":{"line":112,"type":"binary-expr","locations":[{"start":{"line":112,"column":17},"end":{"line":112,"column":24}},{"start":{"line":112,"column":28},"end":{"line":112,"column":30}}]},"6":{"line":113,"type":"if","locations":[{"start":{"line":113,"column":2},"end":{"line":113,"column":2}},{"start":{"line":113,"column":2},"end":{"line":113,"column":2}}]},"7":{"line":115,"type":"if","locations":[{"start":{"line":115,"column":9},"end":{"line":115,"column":9}},{"start":{"line":115,"column":9},"end":{"line":115,"column":9}}]},"8":{"line":116,"type":"if","locations":[{"start":{"line":116,"column":4},"end":{"line":116,"column":4}},{"start":{"line":116,"column":4},"end":{"line":116,"column":4}}]},"9":{"line":138,"type":"if","locations":[{"start":{"line":138,"column":6},"end":{"line":138,"column":6}},{"start":{"line":138,"column":6},"end":{"line":138,"column":6}}]},"10":{"line":152,"type":"if","locations":[{"start":{"line":152,"column":6},"end":{"line":152,"column":6}},{"start":{"line":152,"column":6},"end":{"line":152,"column":6}}]},"11":{"line":152,"type":"binary-expr","locations":[{"start":{"line":152,"column":10},"end":{"line":152,"column":36}},{"start":{"line":152,"column":40},"end":{"line":152,"column":53}},{"start":{"line":152,"column":57},"end":{"line":152,"column":76}}]},"12":{"line":156,"type":"cond-expr","locations":[{"start":{"line":156,"column":34},"end":{"line":158,"column":11}},{"start":{"line":158,"column":14},"end":{"line":160,"column":11}}]},"13":{"line":164,"type":"if","locations":[{"start":{"line":164,"column":8},"end":{"line":164,"column":8}},{"start":{"line":164,"column":8},"end":{"line":164,"column":8}}]},"14":{"line":165,"type":"cond-expr","locations":[{"start":{"line":165,"column":50},"end":{"line":165,"column":65}},{"start":{"line":165,"column":68},"end":{"line":165,"column":74}}]},"15":{"line":170,"type":"if","locations":[{"start":{"line":170,"column":6},"end":{"line":170,"column":6}},{"start":{"line":170,"column":6},"end":{"line":170,"column":6}}]},"16":{"line":177,"type":"if","locations":[{"start":{"line":177,"column":4},"end":{"line":177,"column":4}},{"start":{"line":177,"column":4},"end":{"line":177,"column":4}}]},"17":{"line":183,"type":"if","locations":[{"start":{"line":183,"column":8},"end":{"line":183,"column":8}},{"start":{"line":183,"column":8},"end":{"line":183,"column":8}}]},"18":{"line":190,"type":"if","locations":[{"start":{"line":190,"column":8},"end":{"line":190,"column":8}},{"start":{"line":190,"column":8},"end":{"line":190,"column":8}}]},"19":{"line":198,"type":"binary-expr","locations":[{"start":{"line":198,"column":10},"end":{"line":198,"column":18}},{"start":{"line":198,"column":22},"end":{"line":198,"column":35}}]},"20":{"line":209,"type":"if","locations":[{"start":{"line":209,"column":8},"end":{"line":209,"column":8}},{"start":{"line":209,"column":8},"end":{"line":209,"column":8}}]},"21":{"line":273,"type":"binary-expr","locations":[{"start":{"line":273,"column":9},"end":{"line":273,"column":20}},{"start":{"line":273,"column":24},"end":{"line":273,"column":43}},{"start":{"line":273,"column":47},"end":{"line":275,"column":3}}]},"22":{"line":293,"type":"if","locations":[{"start":{"line":293,"column":4},"end":{"line":293,"column":4}},{"start":{"line":293,"column":4},"end":{"line":293,"column":4}}]},"23":{"line":295,"type":"if","locations":[{"start":{"line":295,"column":6},"end":{"line":295,"column":6}},{"start":{"line":295,"column":6},"end":{"line":295,"column":6}}]},"24":{"line":304,"type":"if","locations":[{"start":{"line":304,"column":11},"end":{"line":304,"column":11}},{"start":{"line":304,"column":11},"end":{"line":304,"column":11}}]},"25":{"line":306,"type":"if","locations":[{"start":{"line":306,"column":8},"end":{"line":306,"column":8}},{"start":{"line":306,"column":8},"end":{"line":306,"column":8}}]},"26":{"line":310,"type":"if","locations":[{"start":{"line":310,"column":8},"end":{"line":310,"column":8}},{"start":{"line":310,"column":8},"end":{"line":310,"column":8}}]},"27":{"line":316,"type":"if","locations":[{"start":{"line":316,"column":10},"end":{"line":316,"column":10}},{"start":{"line":316,"column":10},"end":{"line":316,"column":10}}]},"28":{"line":322,"type":"if","locations":[{"start":{"line":322,"column":10},"end":{"line":322,"column":10}},{"start":{"line":322,"column":10},"end":{"line":322,"column":10}}]},"29":{"line":329,"type":"if","locations":[{"start":{"line":329,"column":10},"end":{"line":329,"column":10}},{"start":{"line":329,"column":10},"end":{"line":329,"column":10}}]},"30":{"line":336,"type":"if","locations":[{"start":{"line":336,"column":12},"end":{"line":336,"column":12}},{"start":{"line":336,"column":12},"end":{"line":336,"column":12}}]},"31":{"line":386,"type":"if","locations":[{"start":{"line":386,"column":2},"end":{"line":386,"column":2}},{"start":{"line":386,"column":2},"end":{"line":386,"column":2}}]},"32":{"line":390,"type":"if","locations":[{"start":{"line":390,"column":2},"end":{"line":390,"column":2}},{"start":{"line":390,"column":2},"end":{"line":390,"column":2}}]},"33":{"line":391,"type":"if","locations":[{"start":{"line":391,"column":4},"end":{"line":391,"column":4}},{"start":{"line":391,"column":4},"end":{"line":391,"column":4}}]}}},"/Users/jacksontian/git/wechat-enterprise/lib/session.js":{"path":"/Users/jacksontian/git/wechat-enterprise/lib/session.js","s":{"1":1,"2":16,"3":16,"4":16,"5":12,"6":23,"7":1,"8":15,"9":15,"10":1,"11":1,"12":1,"13":1,"14":1},"b":{"1":[12,4],"2":[15,15]},"f":{"1":16,"2":15,"3":15,"4":1},"fnMap":{"1":{"name":"(anonymous_1)","line":7,"loc":{"start":{"line":7,"column":14},"end":{"line":7,"column":39}}},"2":{"name":"(anonymous_2)","line":25,"loc":{"start":{"line":25,"column":25},"end":{"line":25,"column":45}}},"3":{"name":"(anonymous_3)","line":26,"loc":{"start":{"line":26,"column":55},"end":{"line":26,"column":65}}},"4":{"name":"(anonymous_4)","line":38,"loc":{"start":{"line":38,"column":28},"end":{"line":38,"column":48}}}},"statementMap":{"1":{"start":{"line":7,"column":0},"end":{"line":15,"column":2}},"2":{"start":{"line":8,"column":2},"end":{"line":8,"column":51}},"3":{"start":{"line":9,"column":2},"end":{"line":9,"column":53}},"4":{"start":{"line":10,"column":2},"end":{"line":14,"column":3}},"5":{"start":{"line":11,"column":4},"end":{"line":13,"column":5}},"6":{"start":{"line":12,"column":6},"end":{"line":12,"column":28}},"7":{"start":{"line":25,"column":0},"end":{"line":28,"column":2}},"8":{"start":{"line":26,"column":2},"end":{"line":26,"column":69}},"9":{"start":{"line":27,"column":2},"end":{"line":27,"column":14}},"10":{"start":{"line":38,"column":0},"end":{"line":42,"column":2}},"11":{"start":{"line":39,"column":2},"end":{"line":39,"column":28}},"12":{"start":{"line":40,"column":2},"end":{"line":40,"column":51}},"13":{"start":{"line":41,"column":2},"end":{"line":41,"column":14}},"14":{"start":{"line":44,"column":0},"end":{"line":44,"column":25}}},"branchMap":{"1":{"line":10,"type":"if","locations":[{"start":{"line":10,"column":2},"end":{"line":10,"column":2}},{"start":{"line":10,"column":2},"end":{"line":10,"column":2}}]},"2":{"line":26,"type":"binary-expr","locations":[{"start":{"line":26,"column":43},"end":{"line":26,"column":51}},{"start":{"line":26,"column":55},"end":{"line":26,"column":67}}]}}},"/Users/jacksontian/git/wechat-enterprise/lib/list.js":{"path":"/Users/jacksontian/git/wechat-enterprise/lib/list.js","s":{"1":1,"2":1,"3":5,"4":1,"5":13,"6":1,"7":5,"8":5,"9":5,"10":5,"11":15,"12":15,"13":14,"14":14,"15":15,"16":5,"17":1,"18":14,"19":1,"20":1,"21":1},"b":{},"f":{"1":5,"2":13,"3":5,"4":15,"5":14,"6":14,"7":1},"fnMap":{"1":{"name":"(anonymous_1)","line":9,"loc":{"start":{"line":9,"column":11},"end":{"line":9,"column":23}}},"2":{"name":"(anonymous_2)","line":17,"loc":{"start":{"line":17,"column":21},"end":{"line":17,"column":36}}},"3":{"name":"(anonymous_3)","line":26,"loc":{"start":{"line":26,"column":11},"end":{"line":26,"column":34}}},"4":{"name":"(anonymous_4)","line":30,"loc":{"start":{"line":30,"column":16},"end":{"line":30,"column":32}}},"5":{"name":"(anonymous_5)","line":33,"loc":{"start":{"line":33,"column":44},"end":{"line":33,"column":66}}},"6":{"name":"(anonymous_6)","line":47,"loc":{"start":{"line":47,"column":11},"end":{"line":47,"column":27}}},"7":{"name":"(anonymous_7)","line":55,"loc":{"start":{"line":55,"column":13},"end":{"line":55,"column":25}}}},"statementMap":{"1":{"start":{"line":4,"column":0},"end":{"line":4,"column":19}},"2":{"start":{"line":9,"column":0},"end":{"line":11,"column":2}},"3":{"start":{"line":10,"column":2},"end":{"line":10,"column":16}},"4":{"start":{"line":17,"column":0},"end":{"line":19,"column":2}},"5":{"start":{"line":18,"column":2},"end":{"line":18,"column":23}},"6":{"start":{"line":26,"column":0},"end":{"line":41,"column":2}},"7":{"start":{"line":27,"column":2},"end":{"line":27,"column":23}},"8":{"start":{"line":28,"column":2},"end":{"line":28,"column":24}},"9":{"start":{"line":29,"column":2},"end":{"line":29,"column":19}},"10":{"start":{"line":30,"column":2},"end":{"line":38,"column":5}},"11":{"start":{"line":31,"column":4},"end":{"line":31,"column":23}},"12":{"start":{"line":33,"column":4},"end":{"line":36,"column":7}},"13":{"start":{"line":34,"column":6},"end":{"line":34,"column":30}},"14":{"start":{"line":35,"column":6},"end":{"line":35,"column":17}},"15":{"start":{"line":37,"column":4},"end":{"line":37,"column":31}},"16":{"start":{"line":39,"column":2},"end":{"line":40,"column":25}},"17":{"start":{"line":47,"column":0},"end":{"line":49,"column":2}},"18":{"start":{"line":48,"column":2},"end":{"line":48,"column":25}},"19":{"start":{"line":55,"column":0},"end":{"line":57,"column":2}},"20":{"start":{"line":56,"column":2},"end":{"line":56,"column":17}},"21":{"start":{"line":59,"column":0},"end":{"line":59,"column":22}}},"branchMap":{}},"/Users/jacksontian/git/wechat-enterprise/lib/msg_crypto.js":{"path":"/Users/jacksontian/git/wechat-enterprise/lib/msg_crypto.js","s":{"1":2,"2":2,"3":2,"4":36,"5":36,"6":0,"7":36,"8":2,"9":40,"10":40,"11":40,"12":40,"13":40,"14":40,"15":2,"16":19,"17":3,"18":16,"19":16,"20":16,"21":16,"22":1,"23":15,"24":15,"25":2,"26":38,"27":38,"28":38,"29":38,"30":2,"31":35,"32":35,"33":35,"34":35,"35":35,"36":35,"37":35,"38":2,"39":38,"40":38,"41":38,"42":38,"43":38,"44":38,"45":38,"46":38,"47":38,"48":38,"49":2},"b":{"1":[0,36],"2":[36,36],"3":[3,16],"4":[19,18,17],"5":[1,15]},"f":{"1":36,"2":40,"3":19,"4":38,"5":35,"6":38},"fnMap":{"1":{"name":"(anonymous_1)","line":14,"loc":{"start":{"line":14,"column":22},"end":{"line":14,"column":38}}},"2":{"name":"(anonymous_2)","line":29,"loc":{"start":{"line":29,"column":22},"end":{"line":29,"column":38}}},"3":{"name":"(anonymous_3)","line":48,"loc":{"start":{"line":48,"column":20},"end":{"line":48,"column":61}}},"4":{"name":"(anonymous_4)","line":69,"loc":{"start":{"line":69,"column":39},"end":{"line":69,"column":75}}},"5":{"name":"(anonymous_5)","line":82,"loc":{"start":{"line":82,"column":34},"end":{"line":82,"column":49}}},"6":{"name":"(anonymous_6)","line":105,"loc":{"start":{"line":105,"column":34},"end":{"line":105,"column":50}}}},"statementMap":{"1":{"start":{"line":1,"column":0},"end":{"line":1,"column":31}},"2":{"start":{"line":7,"column":0},"end":{"line":7,"column":22}},"3":{"start":{"line":14,"column":0},"end":{"line":22,"column":2}},"4":{"start":{"line":15,"column":2},"end":{"line":15,"column":34}},"5":{"start":{"line":17,"column":2},"end":{"line":19,"column":3}},"6":{"start":{"line":18,"column":4},"end":{"line":18,"column":12}},"7":{"start":{"line":21,"column":2},"end":{"line":21,"column":46}},"8":{"start":{"line":29,"column":0},"end":{"line":39,"column":2}},"9":{"start":{"line":30,"column":2},"end":{"line":30,"column":21}},"10":{"start":{"line":31,"column":2},"end":{"line":31,"column":31}},"11":{"start":{"line":33,"column":2},"end":{"line":33,"column":57}},"12":{"start":{"line":35,"column":2},"end":{"line":35,"column":43}},"13":{"start":{"line":36,"column":2},"end":{"line":36,"column":27}},"14":{"start":{"line":38,"column":2},"end":{"line":38,"column":39}},"15":{"start":{"line":48,"column":0},"end":{"line":60,"column":2}},"16":{"start":{"line":49,"column":2},"end":{"line":51,"column":3}},"17":{"start":{"line":50,"column":4},"end":{"line":50,"column":46}},"18":{"start":{"line":52,"column":2},"end":{"line":52,"column":21}},"19":{"start":{"line":53,"column":2},"end":{"line":53,"column":23}},"20":{"start":{"line":54,"column":2},"end":{"line":54,"column":58}},"21":{"start":{"line":55,"column":2},"end":{"line":57,"column":3}},"22":{"start":{"line":56,"column":4},"end":{"line":56,"column":46}},"23":{"start":{"line":58,"column":2},"end":{"line":58,"column":20}},"24":{"start":{"line":59,"column":2},"end":{"line":59,"column":32}},"25":{"start":{"line":69,"column":0},"end":{"line":75,"column":2}},"26":{"start":{"line":70,"column":2},"end":{"line":70,"column":41}},"27":{"start":{"line":71,"column":2},"end":{"line":71,"column":59}},"28":{"start":{"line":72,"column":2},"end":{"line":72,"column":30}},"29":{"start":{"line":74,"column":2},"end":{"line":74,"column":30}},"30":{"start":{"line":82,"column":0},"end":{"line":98,"column":2}},"31":{"start":{"line":84,"column":2},"end":{"line":84,"column":75}},"32":{"start":{"line":85,"column":2},"end":{"line":85,"column":33}},"33":{"start":{"line":86,"column":2},"end":{"line":86,"column":86}},"34":{"start":{"line":88,"column":2},"end":{"line":88,"column":47}},"35":{"start":{"line":91,"column":2},"end":{"line":91,"column":37}},"36":{"start":{"line":92,"column":2},"end":{"line":92,"column":51}},"37":{"start":{"line":94,"column":2},"end":{"line":97,"column":4}},"38":{"start":{"line":105,"column":0},"end":{"line":130,"column":2}},"39":{"start":{"line":108,"column":2},"end":{"line":108,"column":50}},"40":{"start":{"line":110,"column":2},"end":{"line":110,"column":29}},"41":{"start":{"line":113,"column":2},"end":{"line":113,"column":32}},"42":{"start":{"line":114,"column":2},"end":{"line":114,"column":41}},"43":{"start":{"line":116,"column":2},"end":{"line":116,"column":39}},"44":{"start":{"line":118,"column":2},"end":{"line":118,"column":69}},"45":{"start":{"line":121,"column":2},"end":{"line":121,"column":44}},"46":{"start":{"line":124,"column":2},"end":{"line":124,"column":71}},"47":{"start":{"line":126,"column":2},"end":{"line":126,"column":76}},"48":{"start":{"line":129,"column":2},"end":{"line":129,"column":40}},"49":{"start":{"line":132,"column":0},"end":{"line":132,"column":31}}},"branchMap":{"1":{"line":17,"type":"if","locations":[{"start":{"line":17,"column":2},"end":{"line":17,"column":2}},{"start":{"line":17,"column":2},"end":{"line":17,"column":2}}]},"2":{"line":17,"type":"binary-expr","locations":[{"start":{"line":17,"column":6},"end":{"line":17,"column":13}},{"start":{"line":17,"column":17},"end":{"line":17,"column":25}}]},"3":{"line":49,"type":"if","locations":[{"start":{"line":49,"column":2},"end":{"line":49,"column":2}},{"start":{"line":49,"column":2},"end":{"line":49,"column":2}}]},"4":{"line":49,"type":"binary-expr","locations":[{"start":{"line":49,"column":6},"end":{"line":49,"column":12}},{"start":{"line":49,"column":16},"end":{"line":49,"column":31}},{"start":{"line":49,"column":35},"end":{"line":49,"column":42}}]},"5":{"line":55,"type":"if","locations":[{"start":{"line":55,"column":2},"end":{"line":55,"column":2}},{"start":{"line":55,"column":2},"end":{"line":55,"column":2}}]}}},"/Users/jacksontian/git/wechat-enterprise/lib/api_common.js":{"path":"/Users/jacksontian/git/wechat-enterprise/lib/api_common.js","s":{"1":1,"2":1,"3":1,"4":1,"5":86,"6":43,"7":43,"8":1,"9":13,"10":13,"11":13,"12":13,"13":13,"14":34,"15":13,"16":9,"17":9,"18":0,"19":9,"20":13,"21":1,"22":11,"23":11,"24":11,"25":11,"26":2,"27":9,"28":9,"29":9,"30":0,"31":9,"32":11,"33":1,"34":33,"35":33,"36":33,"37":33,"38":0,"39":33,"40":33,"41":33,"42":33,"43":33,"44":0,"45":33,"46":33,"47":33,"48":33,"49":0,"50":0,"51":0,"52":0,"53":0,"54":0,"55":1,"56":3,"57":3,"58":3,"59":1,"60":2,"61":1,"62":1,"63":1,"64":8,"65":51,"66":1,"67":50,"68":1,"69":1},"b":{"1":[43,43],"2":[13,11],"3":[13,13],"4":[0,9],"5":[2,9],"6":[0,9],"7":[0,33],"8":[33,0],"9":[33,0],"10":[0,33],"11":[33,30,3],"12":[0,0],"13":[1,2],"14":[1,1],"15":[1,50]},"f":{"1":86,"2":13,"3":34,"4":9,"5":11,"6":11,"7":9,"8":33,"9":33,"10":33,"11":0,"12":3,"13":3,"14":8},"fnMap":{"1":{"name":"(anonymous_1)","line":7,"loc":{"start":{"line":7,"column":18},"end":{"line":7,"column":41}}},"2":{"name":"(anonymous_2)","line":49,"loc":{"start":{"line":49,"column":10},"end":{"line":49,"column":70}}},"3":{"name":"(anonymous_3)","line":54,"loc":{"start":{"line":54,"column":30},"end":{"line":54,"column":50}}},"4":{"name":"(anonymous_4)","line":57,"loc":{"start":{"line":57,"column":32},"end":{"line":57,"column":59}}},"5":{"name":"(anonymous_5)","line":89,"loc":{"start":{"line":89,"column":31},"end":{"line":89,"column":51}}},"6":{"name":"(anonymous_6)","line":92,"loc":{"start":{"line":92,"column":50},"end":{"line":92,"column":71}}},"7":{"name":"(anonymous_7)","line":97,"loc":{"start":{"line":97,"column":26},"end":{"line":97,"column":41}}},"8":{"name":"(anonymous_8)","line":119,"loc":{"start":{"line":119,"column":27},"end":{"line":119,"column":60}}},"9":{"name":"(anonymous_9)","line":123,"loc":{"start":{"line":123,"column":16},"end":{"line":123,"column":38}}},"10":{"name":"(anonymous_10)","line":132,"loc":{"start":{"line":132,"column":26},"end":{"line":132,"column":52}}},"11":{"name":"(anonymous_11)","line":148,"loc":{"start":{"line":148,"column":26},"end":{"line":148,"column":48}}},"12":{"name":"(anonymous_12)","line":178,"loc":{"start":{"line":178,"column":31},"end":{"line":178,"column":51}}},"13":{"name":"(anonymous_13)","line":181,"loc":{"start":{"line":181,"column":16},"end":{"line":181,"column":38}}},"14":{"name":"(anonymous_14)","line":204,"loc":{"start":{"line":204,"column":12},"end":{"line":204,"column":27}}}},"statementMap":{"1":{"start":{"line":3,"column":0},"end":{"line":3,"column":31}},"2":{"start":{"line":4,"column":0},"end":{"line":4,"column":29}},"3":{"start":{"line":5,"column":0},"end":{"line":5,"column":27}},"4":{"start":{"line":7,"column":0},"end":{"line":12,"column":2}},"5":{"start":{"line":8,"column":2},"end":{"line":10,"column":3}},"6":{"start":{"line":9,"column":4},"end":{"line":9,"column":40}},"7":{"start":{"line":11,"column":2},"end":{"line":11,"column":33}},"8":{"start":{"line":49,"column":0},"end":{"line":65,"column":2}},"9":{"start":{"line":50,"column":2},"end":{"line":50,"column":23}},"10":{"start":{"line":51,"column":2},"end":{"line":51,"column":31}},"11":{"start":{"line":52,"column":2},"end":{"line":52,"column":25}},"12":{"start":{"line":53,"column":2},"end":{"line":53,"column":20}},"13":{"start":{"line":54,"column":2},"end":{"line":56,"column":4}},"14":{"start":{"line":55,"column":4},"end":{"line":55,"column":31}},"15":{"start":{"line":57,"column":2},"end":{"line":63,"column":4}},"16":{"start":{"line":58,"column":4},"end":{"line":58,"column":23}},"17":{"start":{"line":59,"column":4},"end":{"line":61,"column":5}},"18":{"start":{"line":60,"column":6},"end":{"line":60,"column":83}},"19":{"start":{"line":62,"column":4},"end":{"line":62,"column":19}},"20":{"start":{"line":64,"column":2},"end":{"line":64,"column":55}},"21":{"start":{"line":89,"column":0},"end":{"line":105,"column":2}},"22":{"start":{"line":90,"column":2},"end":{"line":90,"column":18}},"23":{"start":{"line":91,"column":2},"end":{"line":91,"column":94}},"24":{"start":{"line":92,"column":2},"end":{"line":103,"column":6}},"25":{"start":{"line":93,"column":4},"end":{"line":95,"column":5}},"26":{"start":{"line":94,"column":6},"end":{"line":94,"column":27}},"27":{"start":{"line":96,"column":4},"end":{"line":96,"column":47}},"28":{"start":{"line":97,"column":4},"end":{"line":102,"column":7}},"29":{"start":{"line":98,"column":6},"end":{"line":100,"column":7}},"30":{"start":{"line":99,"column":8},"end":{"line":99,"column":29}},"31":{"start":{"line":101,"column":6},"end":{"line":101,"column":27}},"32":{"start":{"line":104,"column":2},"end":{"line":104,"column":14}},"33":{"start":{"line":119,"column":0},"end":{"line":159,"column":2}},"34":{"start":{"line":120,"column":2},"end":{"line":120,"column":18}},"35":{"start":{"line":121,"column":2},"end":{"line":121,"column":39}},"36":{"start":{"line":123,"column":2},"end":{"line":158,"column":5}},"37":{"start":{"line":124,"column":4},"end":{"line":126,"column":5}},"38":{"start":{"line":125,"column":6},"end":{"line":125,"column":27}},"39":{"start":{"line":128,"column":4},"end":{"line":157,"column":5}},"40":{"start":{"line":130,"column":6},"end":{"line":130,"column":50}},"41":{"start":{"line":131,"column":6},"end":{"line":145,"column":7}},"42":{"start":{"line":132,"column":8},"end":{"line":138,"column":10}},"43":{"start":{"line":134,"column":10},"end":{"line":136,"column":11}},"44":{"start":{"line":135,"column":12},"end":{"line":135,"column":55}},"45":{"start":{"line":137,"column":10},"end":{"line":137,"column":35}},"46":{"start":{"line":140,"column":8},"end":{"line":140,"column":62}},"47":{"start":{"line":141,"column":8},"end":{"line":141,"column":34}},"48":{"start":{"line":142,"column":8},"end":{"line":142,"column":36}},"49":{"start":{"line":144,"column":8},"end":{"line":144,"column":33}},"50":{"start":{"line":148,"column":6},"end":{"line":156,"column":9}},"51":{"start":{"line":150,"column":8},"end":{"line":152,"column":9}},"52":{"start":{"line":151,"column":10},"end":{"line":151,"column":31}},"53":{"start":{"line":154,"column":8},"end":{"line":154,"column":27}},"54":{"start":{"line":155,"column":8},"end":{"line":155,"column":33}},"55":{"start":{"line":178,"column":0},"end":{"line":193,"column":2}},"56":{"start":{"line":179,"column":2},"end":{"line":179,"column":18}},"57":{"start":{"line":181,"column":2},"end":{"line":192,"column":5}},"58":{"start":{"line":182,"column":4},"end":{"line":184,"column":5}},"59":{"start":{"line":183,"column":6},"end":{"line":183,"column":27}},"60":{"start":{"line":186,"column":4},"end":{"line":191,"column":5}},"61":{"start":{"line":187,"column":6},"end":{"line":187,"column":53}},"62":{"start":{"line":190,"column":6},"end":{"line":190,"column":36}},"63":{"start":{"line":204,"column":0},"end":{"line":211,"column":2}},"64":{"start":{"line":205,"column":2},"end":{"line":210,"column":3}},"65":{"start":{"line":206,"column":4},"end":{"line":208,"column":5}},"66":{"start":{"line":207,"column":6},"end":{"line":207,"column":87}},"67":{"start":{"line":209,"column":4},"end":{"line":209,"column":34}},"68":{"start":{"line":213,"column":0},"end":{"line":213,"column":30}},"69":{"start":{"line":215,"column":0},"end":{"line":215,"column":21}}},"branchMap":{"1":{"line":8,"type":"if","locations":[{"start":{"line":8,"column":2},"end":{"line":8,"column":2}},{"start":{"line":8,"column":2},"end":{"line":8,"column":2}}]},"2":{"line":54,"type":"binary-expr","locations":[{"start":{"line":54,"column":18},"end":{"line":54,"column":26}},{"start":{"line":54,"column":30},"end":{"line":56,"column":3}}]},"3":{"line":57,"type":"binary-expr","locations":[{"start":{"line":57,"column":19},"end":{"line":57,"column":28}},{"start":{"line":57,"column":32},"end":{"line":63,"column":3}}]},"4":{"line":59,"type":"if","locations":[{"start":{"line":59,"column":4},"end":{"line":59,"column":4}},{"start":{"line":59,"column":4},"end":{"line":59,"column":4}}]},"5":{"line":93,"type":"if","locations":[{"start":{"line":93,"column":4},"end":{"line":93,"column":4}},{"start":{"line":93,"column":4},"end":{"line":93,"column":4}}]},"6":{"line":98,"type":"if","locations":[{"start":{"line":98,"column":6},"end":{"line":98,"column":6}},{"start":{"line":98,"column":6},"end":{"line":98,"column":6}}]},"7":{"line":124,"type":"if","locations":[{"start":{"line":124,"column":4},"end":{"line":124,"column":4}},{"start":{"line":124,"column":4},"end":{"line":124,"column":4}}]},"8":{"line":128,"type":"if","locations":[{"start":{"line":128,"column":4},"end":{"line":128,"column":4}},{"start":{"line":128,"column":4},"end":{"line":128,"column":4}}]},"9":{"line":131,"type":"if","locations":[{"start":{"line":131,"column":6},"end":{"line":131,"column":6}},{"start":{"line":131,"column":6},"end":{"line":131,"column":6}}]},"10":{"line":134,"type":"if","locations":[{"start":{"line":134,"column":10},"end":{"line":134,"column":10}},{"start":{"line":134,"column":10},"end":{"line":134,"column":10}}]},"11":{"line":134,"type":"binary-expr","locations":[{"start":{"line":134,"column":14},"end":{"line":134,"column":18}},{"start":{"line":134,"column":22},"end":{"line":134,"column":34}},{"start":{"line":134,"column":38},"end":{"line":134,"column":60}}]},"12":{"line":150,"type":"if","locations":[{"start":{"line":150,"column":8},"end":{"line":150,"column":8}},{"start":{"line":150,"column":8},"end":{"line":150,"column":8}}]},"13":{"line":182,"type":"if","locations":[{"start":{"line":182,"column":4},"end":{"line":182,"column":4}},{"start":{"line":182,"column":4},"end":{"line":182,"column":4}}]},"14":{"line":186,"type":"if","locations":[{"start":{"line":186,"column":4},"end":{"line":186,"column":4}},{"start":{"line":186,"column":4},"end":{"line":186,"column":4}}]},"15":{"line":206,"type":"if","locations":[{"start":{"line":206,"column":4},"end":{"line":206,"column":4}},{"start":{"line":206,"column":4},"end":{"line":206,"column":4}}]}}},"/Users/jacksontian/git/wechat-enterprise/lib/util.js":{"path":"/Users/jacksontian/git/wechat-enterprise/lib/util.js","s":{"1":1,"2":41,"3":41,"4":41,"5":1,"6":1,"7":40,"8":3,"9":3,"10":3,"11":3,"12":37,"13":1,"14":13},"b":{"1":[41,0],"2":[1,40],"3":[3,37]},"f":{"1":41,"2":41,"3":0,"4":13},"fnMap":{"1":{"name":"(anonymous_1)","line":5,"loc":{"start":{"line":5,"column":18},"end":{"line":5,"column":38}}},"2":{"name":"(anonymous_2)","line":6,"loc":{"start":{"line":6,"column":9},"end":{"line":6,"column":35}}},"3":{"name":"(anonymous_3)","line":7,"loc":{"start":{"line":7,"column":27},"end":{"line":7,"column":39}}},"4":{"name":"(anonymous_4)","line":25,"loc":{"start":{"line":25,"column":19},"end":{"line":25,"column":35}}}},"statementMap":{"1":{"start":{"line":5,"column":0},"end":{"line":20,"column":2}},"2":{"start":{"line":6,"column":2},"end":{"line":19,"column":4}},"3":{"start":{"line":7,"column":4},"end":{"line":7,"column":42}},"4":{"start":{"line":8,"column":4},"end":{"line":11,"column":5}},"5":{"start":{"line":9,"column":6},"end":{"line":9,"column":40}},"6":{"start":{"line":10,"column":6},"end":{"line":10,"column":38}},"7":{"start":{"line":12,"column":4},"end":{"line":17,"column":5}},"8":{"start":{"line":13,"column":6},"end":{"line":13,"column":35}},"9":{"start":{"line":14,"column":6},"end":{"line":14,"column":34}},"10":{"start":{"line":15,"column":6},"end":{"line":15,"column":30}},"11":{"start":{"line":16,"column":6},"end":{"line":16,"column":38}},"12":{"start":{"line":18,"column":4},"end":{"line":18,"column":30}},"13":{"start":{"line":25,"column":0},"end":{"line":34,"column":2}},"14":{"start":{"line":26,"column":2},"end":{"line":33,"column":4}}},"branchMap":{"1":{"line":7,"type":"binary-expr","locations":[{"start":{"line":7,"column":15},"end":{"line":7,"column":23}},{"start":{"line":7,"column":27},"end":{"line":7,"column":41}}]},"2":{"line":8,"type":"if","locations":[{"start":{"line":8,"column":4},"end":{"line":8,"column":4}},{"start":{"line":8,"column":4},"end":{"line":8,"column":4}}]},"3":{"line":12,"type":"if","locations":[{"start":{"line":12,"column":4},"end":{"line":12,"column":4}},{"start":{"line":12,"column":4},"end":{"line":12,"column":4}}]}}},"/Users/jacksontian/git/wechat-enterprise/lib/api_department.js":{"path":"/Users/jacksontian/git/wechat-enterprise/lib/api_department.js","s":{"1":1,"2":1,"3":1,"4":1,"5":1,"6":2,"7":1,"8":2,"9":2,"10":2,"11":1,"12":1,"13":1,"14":2,"15":1,"16":3,"17":1,"18":3,"19":3,"20":3,"21":2,"22":1,"23":2,"24":1,"25":2,"26":1,"27":1,"28":3,"29":1,"30":1,"31":1,"32":1,"33":1,"34":1,"35":1,"36":1,"37":1,"38":1,"39":1},"b":{"1":[1,1],"2":[1,0],"3":[1,0],"4":[2,1],"5":[1,1],"6":[1,1],"7":[1,1],"8":[1,0]},"f":{"1":2,"2":2,"3":3,"4":3,"5":1,"6":1,"7":1,"8":1},"fnMap":{"1":{"name":"(anonymous_1)","line":35,"loc":{"start":{"line":35,"column":27},"end":{"line":35,"column":59}}},"2":{"name":"(anonymous_2)","line":42,"loc":{"start":{"line":42,"column":28},"end":{"line":42,"column":60}}},"3":{"name":"(anonymous_3)","line":88,"loc":{"start":{"line":88,"column":27},"end":{"line":88,"column":57}}},"4":{"name":"(anonymous_4)","line":95,"loc":{"start":{"line":95,"column":28},"end":{"line":95,"column":58}}},"5":{"name":"(anonymous_5)","line":142,"loc":{"start":{"line":142,"column":27},"end":{"line":142,"column":51}}},"6":{"name":"(anonymous_6)","line":149,"loc":{"start":{"line":149,"column":28},"end":{"line":149,"column":52}}},"7":{"name":"(anonymous_7)","line":190,"loc":{"start":{"line":190,"column":25},"end":{"line":190,"column":45}}},"8":{"name":"(anonymous_8)","line":197,"loc":{"start":{"line":197,"column":26},"end":{"line":197,"column":46}}}},"statementMap":{"1":{"start":{"line":1,"column":0},"end":{"line":1,"column":31}},"2":{"start":{"line":2,"column":0},"end":{"line":2,"column":29}},"3":{"start":{"line":3,"column":0},"end":{"line":3,"column":27}},"4":{"start":{"line":4,"column":0},"end":{"line":4,"column":29}},"5":{"start":{"line":35,"column":0},"end":{"line":37,"column":2}},"6":{"start":{"line":36,"column":2},"end":{"line":36,"column":53}},"7":{"start":{"line":42,"column":0},"end":{"line":56,"column":2}},"8":{"start":{"line":44,"column":2},"end":{"line":44,"column":85}},"9":{"start":{"line":45,"column":2},"end":{"line":47,"column":4}},"10":{"start":{"line":48,"column":2},"end":{"line":53,"column":3}},"11":{"start":{"line":49,"column":4},"end":{"line":49,"column":47}},"12":{"start":{"line":50,"column":4},"end":{"line":50,"column":41}},"13":{"start":{"line":52,"column":4},"end":{"line":52,"column":33}},"14":{"start":{"line":55,"column":2},"end":{"line":55,"column":57}},"15":{"start":{"line":88,"column":0},"end":{"line":90,"column":2}},"16":{"start":{"line":89,"column":2},"end":{"line":89,"column":53}},"17":{"start":{"line":95,"column":0},"end":{"line":116,"column":2}},"18":{"start":{"line":97,"column":2},"end":{"line":97,"column":85}},"19":{"start":{"line":98,"column":2},"end":{"line":100,"column":4}},"20":{"start":{"line":101,"column":2},"end":{"line":113,"column":3}},"21":{"start":{"line":102,"column":4},"end":{"line":104,"column":5}},"22":{"start":{"line":103,"column":6},"end":{"line":103,"column":28}},"23":{"start":{"line":105,"column":4},"end":{"line":107,"column":5}},"24":{"start":{"line":106,"column":6},"end":{"line":106,"column":44}},"25":{"start":{"line":108,"column":4},"end":{"line":110,"column":5}},"26":{"start":{"line":109,"column":6},"end":{"line":109,"column":43}},"27":{"start":{"line":112,"column":4},"end":{"line":112,"column":21}},"28":{"start":{"line":115,"column":2},"end":{"line":115,"column":57}},"29":{"start":{"line":142,"column":0},"end":{"line":144,"column":2}},"30":{"start":{"line":143,"column":2},"end":{"line":143,"column":53}},"31":{"start":{"line":149,"column":0},"end":{"line":154,"column":2}},"32":{"start":{"line":151,"column":2},"end":{"line":151,"column":85}},"33":{"start":{"line":152,"column":2},"end":{"line":152,"column":48}},"34":{"start":{"line":153,"column":2},"end":{"line":153,"column":47}},"35":{"start":{"line":190,"column":0},"end":{"line":192,"column":2}},"36":{"start":{"line":191,"column":2},"end":{"line":191,"column":51}},"37":{"start":{"line":197,"column":0},"end":{"line":201,"column":2}},"38":{"start":{"line":199,"column":2},"end":{"line":199,"column":83}},"39":{"start":{"line":200,"column":2},"end":{"line":200,"column":61}}},"branchMap":{"1":{"line":48,"type":"if","locations":[{"start":{"line":48,"column":2},"end":{"line":48,"column":2}},{"start":{"line":48,"column":2},"end":{"line":48,"column":2}}]},"2":{"line":49,"type":"binary-expr","locations":[{"start":{"line":49,"column":20},"end":{"line":49,"column":41}},{"start":{"line":49,"column":45},"end":{"line":49,"column":46}}]},"3":{"line":50,"type":"binary-expr","locations":[{"start":{"line":50,"column":17},"end":{"line":50,"column":35}},{"start":{"line":50,"column":39},"end":{"line":50,"column":40}}]},"4":{"line":101,"type":"if","locations":[{"start":{"line":101,"column":2},"end":{"line":101,"column":2}},{"start":{"line":101,"column":2},"end":{"line":101,"column":2}}]},"5":{"line":102,"type":"if","locations":[{"start":{"line":102,"column":4},"end":{"line":102,"column":4}},{"start":{"line":102,"column":4},"end":{"line":102,"column":4}}]},"6":{"line":105,"type":"if","locations":[{"start":{"line":105,"column":4},"end":{"line":105,"column":4}},{"start":{"line":105,"column":4},"end":{"line":105,"column":4}}]},"7":{"line":108,"type":"if","locations":[{"start":{"line":108,"column":4},"end":{"line":108,"column":4}},{"start":{"line":108,"column":4},"end":{"line":108,"column":4}}]},"8":{"line":109,"type":"binary-expr","locations":[{"start":{"line":109,"column":19},"end":{"line":109,"column":37}},{"start":{"line":109,"column":41},"end":{"line":109,"column":42}}]}}},"/Users/jacksontian/git/wechat-enterprise/lib/api_media.js":{"path":"/Users/jacksontian/git/wechat-enterprise/lib/api_media.js","s":{"1":1,"2":1,"3":1,"4":1,"5":1,"6":1,"7":1,"8":6,"9":1,"10":6,"11":6,"12":6,"13":3,"14":3,"15":3,"16":3,"17":3,"18":3,"19":1,"20":4,"21":4,"22":6,"23":1,"24":3,"25":1,"26":3,"27":3,"28":3,"29":0,"30":3,"31":3,"32":2,"33":2,"34":2,"35":1,"36":1,"37":1,"38":1,"39":1,"40":1,"41":1},"b":{"1":[3,3],"2":[0,3],"3":[2,1],"4":[1,0]},"f":{"1":6,"2":6,"3":6,"4":4,"5":6,"6":3,"7":3,"8":3},"fnMap":{"1":{"name":"(anonymous_1)","line":35,"loc":{"start":{"line":35,"column":22},"end":{"line":35,"column":58}}},"2":{"name":"(anonymous_2)","line":42,"loc":{"start":{"line":42,"column":23},"end":{"line":42,"column":59}}},"3":{"name":"(anonymous_3)","line":44,"loc":{"start":{"line":44,"column":20},"end":{"line":44,"column":41}}},"4":{"name":"(anonymous_4)","line":62,"loc":{"start":{"line":62,"column":44},"end":{"line":62,"column":60}}},"5":{"name":"(anonymous_5)","line":64,"loc":{"start":{"line":64,"column":20},"end":{"line":64,"column":50}}},"6":{"name":"(anonymous_6)","line":85,"loc":{"start":{"line":85,"column":19},"end":{"line":85,"column":48}}},"7":{"name":"(anonymous_7)","line":92,"loc":{"start":{"line":92,"column":20},"end":{"line":92,"column":49}}},"8":{"name":"(anonymous_8)","line":94,"loc":{"start":{"line":94,"column":34},"end":{"line":94,"column":60}}}},"statementMap":{"1":{"start":{"line":1,"column":0},"end":{"line":1,"column":27}},"2":{"start":{"line":2,"column":0},"end":{"line":2,"column":23}},"3":{"start":{"line":3,"column":0},"end":{"line":3,"column":31}},"4":{"start":{"line":4,"column":0},"end":{"line":4,"column":39}},"5":{"start":{"line":5,"column":0},"end":{"line":5,"column":29}},"6":{"start":{"line":6,"column":0},"end":{"line":6,"column":27}},"7":{"start":{"line":35,"column":0},"end":{"line":37,"column":2}},"8":{"start":{"line":36,"column":2},"end":{"line":36,"column":48}},"9":{"start":{"line":42,"column":0},"end":{"line":60,"column":2}},"10":{"start":{"line":43,"column":2},"end":{"line":43,"column":18}},"11":{"start":{"line":44,"column":2},"end":{"line":59,"column":5}},"12":{"start":{"line":45,"column":4},"end":{"line":47,"column":5}},"13":{"start":{"line":46,"column":6},"end":{"line":46,"column":27}},"14":{"start":{"line":48,"column":4},"end":{"line":48,"column":28}},"15":{"start":{"line":49,"column":4},"end":{"line":49,"column":69}},"16":{"start":{"line":50,"column":4},"end":{"line":50,"column":100}},"17":{"start":{"line":51,"column":4},"end":{"line":57,"column":6}},"18":{"start":{"line":58,"column":4},"end":{"line":58,"column":49}},"19":{"start":{"line":62,"column":0},"end":{"line":67,"column":3}},"20":{"start":{"line":63,"column":2},"end":{"line":63,"column":68}},"21":{"start":{"line":64,"column":2},"end":{"line":66,"column":4}},"22":{"start":{"line":65,"column":4},"end":{"line":65,"column":47}},"23":{"start":{"line":85,"column":0},"end":{"line":87,"column":2}},"24":{"start":{"line":86,"column":2},"end":{"line":86,"column":45}},"25":{"start":{"line":92,"column":0},"end":{"line":118,"column":2}},"26":{"start":{"line":93,"column":2},"end":{"line":93,"column":102}},"27":{"start":{"line":94,"column":2},"end":{"line":117,"column":6}},"28":{"start":{"line":96,"column":4},"end":{"line":98,"column":5}},"29":{"start":{"line":97,"column":6},"end":{"line":97,"column":27}},"30":{"start":{"line":99,"column":4},"end":{"line":99,"column":50}},"31":{"start":{"line":100,"column":4},"end":{"line":116,"column":5}},"32":{"start":{"line":101,"column":6},"end":{"line":101,"column":14}},"33":{"start":{"line":102,"column":6},"end":{"line":111,"column":7}},"34":{"start":{"line":103,"column":8},"end":{"line":103,"column":31}},"35":{"start":{"line":104,"column":8},"end":{"line":107,"column":9}},"36":{"start":{"line":105,"column":10},"end":{"line":105,"column":38}},"37":{"start":{"line":106,"column":10},"end":{"line":106,"column":38}},"38":{"start":{"line":109,"column":8},"end":{"line":109,"column":32}},"39":{"start":{"line":110,"column":8},"end":{"line":110,"column":15}},"40":{"start":{"line":112,"column":6},"end":{"line":112,"column":30}},"41":{"start":{"line":115,"column":6},"end":{"line":115,"column":32}}},"branchMap":{"1":{"line":45,"type":"if","locations":[{"start":{"line":45,"column":4},"end":{"line":45,"column":4}},{"start":{"line":45,"column":4},"end":{"line":45,"column":4}}]},"2":{"line":96,"type":"if","locations":[{"start":{"line":96,"column":4},"end":{"line":96,"column":4}},{"start":{"line":96,"column":4},"end":{"line":96,"column":4}}]},"3":{"line":100,"type":"if","locations":[{"start":{"line":100,"column":4},"end":{"line":100,"column":4}},{"start":{"line":100,"column":4},"end":{"line":100,"column":4}}]},"4":{"line":104,"type":"if","locations":[{"start":{"line":104,"column":8},"end":{"line":104,"column":8}},{"start":{"line":104,"column":8},"end":{"line":104,"column":8}}]}}},"/Users/jacksontian/git/wechat-enterprise/lib/api_menu.js":{"path":"/Users/jacksontian/git/wechat-enterprise/lib/api_menu.js","s":{"1":1,"2":1,"3":1,"4":1,"5":1,"6":1,"7":1,"8":1,"9":1,"10":1,"11":1,"12":1,"13":1,"14":1,"15":1,"16":1,"17":1,"18":1,"19":1},"b":{},"f":{"1":1,"2":1,"3":1,"4":1,"5":1,"6":1},"fnMap":{"1":{"name":"(anonymous_1)","line":53,"loc":{"start":{"line":53,"column":21},"end":{"line":53,"column":47}}},"2":{"name":"(anonymous_2)","line":60,"loc":{"start":{"line":60,"column":22},"end":{"line":60,"column":48}}},"3":{"name":"(anonymous_3)","line":97,"loc":{"start":{"line":97,"column":18},"end":{"line":97,"column":38}}},"4":{"name":"(anonymous_4)","line":104,"loc":{"start":{"line":104,"column":19},"end":{"line":104,"column":39}}},"5":{"name":"(anonymous_5)","line":127,"loc":{"start":{"line":127,"column":21},"end":{"line":127,"column":41}}},"6":{"name":"(anonymous_6)","line":134,"loc":{"start":{"line":134,"column":22},"end":{"line":134,"column":42}}}},"statementMap":{"1":{"start":{"line":1,"column":0},"end":{"line":1,"column":31}},"2":{"start":{"line":2,"column":0},"end":{"line":2,"column":29}},"3":{"start":{"line":3,"column":0},"end":{"line":3,"column":27}},"4":{"start":{"line":4,"column":0},"end":{"line":4,"column":29}},"5":{"start":{"line":53,"column":0},"end":{"line":55,"column":2}},"6":{"start":{"line":54,"column":2},"end":{"line":54,"column":47}},"7":{"start":{"line":60,"column":0},"end":{"line":63,"column":2}},"8":{"start":{"line":61,"column":2},"end":{"line":61,"column":108}},"9":{"start":{"line":62,"column":2},"end":{"line":62,"column":57}},"10":{"start":{"line":97,"column":0},"end":{"line":99,"column":2}},"11":{"start":{"line":98,"column":2},"end":{"line":98,"column":44}},"12":{"start":{"line":104,"column":0},"end":{"line":107,"column":2}},"13":{"start":{"line":105,"column":2},"end":{"line":105,"column":105}},"14":{"start":{"line":106,"column":2},"end":{"line":106,"column":61}},"15":{"start":{"line":127,"column":0},"end":{"line":129,"column":2}},"16":{"start":{"line":128,"column":2},"end":{"line":128,"column":47}},"17":{"start":{"line":134,"column":0},"end":{"line":137,"column":2}},"18":{"start":{"line":135,"column":2},"end":{"line":135,"column":108}},"19":{"start":{"line":136,"column":2},"end":{"line":136,"column":61}}},"branchMap":{}},"/Users/jacksontian/git/wechat-enterprise/lib/api_message.js":{"path":"/Users/jacksontian/git/wechat-enterprise/lib/api_message.js","s":{"1":1,"2":1,"3":1,"4":1,"5":1,"6":1,"7":1,"8":1,"9":1,"10":1,"11":1,"12":1,"13":1},"b":{},"f":{"1":1,"2":1},"fnMap":{"1":{"name":"(anonymous_1)","line":156,"loc":{"start":{"line":156,"column":15},"end":{"line":156,"column":48}}},"2":{"name":"(anonymous_2)","line":163,"loc":{"start":{"line":163,"column":16},"end":{"line":163,"column":49}}}},"statementMap":{"1":{"start":{"line":1,"column":0},"end":{"line":1,"column":31}},"2":{"start":{"line":2,"column":0},"end":{"line":2,"column":29}},"3":{"start":{"line":3,"column":0},"end":{"line":3,"column":37}},"4":{"start":{"line":4,"column":0},"end":{"line":4,"column":27}},"5":{"start":{"line":5,"column":0},"end":{"line":5,"column":29}},"6":{"start":{"line":156,"column":0},"end":{"line":158,"column":2}},"7":{"start":{"line":157,"column":2},"end":{"line":157,"column":41}},"8":{"start":{"line":163,"column":0},"end":{"line":173,"column":2}},"9":{"start":{"line":165,"column":2},"end":{"line":165,"column":80}},"10":{"start":{"line":166,"column":2},"end":{"line":168,"column":4}},"11":{"start":{"line":169,"column":2},"end":{"line":169,"column":19}},"12":{"start":{"line":170,"column":2},"end":{"line":170,"column":24}},"13":{"start":{"line":172,"column":2},"end":{"line":172,"column":57}}},"branchMap":{}},"/Users/jacksontian/git/wechat-enterprise/lib/api_tag.js":{"path":"/Users/jacksontian/git/wechat-enterprise/lib/api_tag.js","s":{"1":1,"2":1,"3":1,"4":1,"5":1,"6":1,"7":1,"8":1,"9":1,"10":1,"11":1,"12":1,"13":1,"14":1,"15":1,"16":1,"17":1,"18":1,"19":1,"20":1,"21":1,"22":1,"23":1,"24":1,"25":1,"26":1,"27":1,"28":1,"29":1,"30":1,"31":1,"32":1,"33":1,"34":1,"35":1,"36":1,"37":1,"38":1,"39":1,"40":1},"b":{},"f":{"1":1,"2":1,"3":1,"4":1,"5":1,"6":1,"7":1,"8":1,"9":1,"10":1,"11":1,"12":1},"fnMap":{"1":{"name":"(anonymous_1)","line":31,"loc":{"start":{"line":31,"column":20},"end":{"line":31,"column":46}}},"2":{"name":"(anonymous_2)","line":38,"loc":{"start":{"line":38,"column":21},"end":{"line":38,"column":47}}},"3":{"name":"(anonymous_3)","line":71,"loc":{"start":{"line":71,"column":24},"end":{"line":71,"column":54}}},"4":{"name":"(anonymous_4)","line":78,"loc":{"start":{"line":78,"column":25},"end":{"line":78,"column":55}}},"5":{"name":"(anonymous_5)","line":111,"loc":{"start":{"line":111,"column":20},"end":{"line":111,"column":44}}},"6":{"name":"(anonymous_6)","line":118,"loc":{"start":{"line":118,"column":21},"end":{"line":118,"column":45}}},"7":{"name":"(anonymous_7)","line":156,"loc":{"start":{"line":156,"column":22},"end":{"line":156,"column":46}}},"8":{"name":"(anonymous_8)","line":163,"loc":{"start":{"line":163,"column":23},"end":{"line":163,"column":47}}},"9":{"name":"(anonymous_9)","line":211,"loc":{"start":{"line":211,"column":22},"end":{"line":211,"column":58}}},"10":{"name":"(anonymous_10)","line":218,"loc":{"start":{"line":218,"column":23},"end":{"line":218,"column":59}}},"11":{"name":"(anonymous_11)","line":269,"loc":{"start":{"line":269,"column":25},"end":{"line":269,"column":61}}},"12":{"name":"(anonymous_12)","line":276,"loc":{"start":{"line":276,"column":26},"end":{"line":276,"column":62}}}},"statementMap":{"1":{"start":{"line":1,"column":0},"end":{"line":1,"column":31}},"2":{"start":{"line":2,"column":0},"end":{"line":2,"column":29}},"3":{"start":{"line":3,"column":0},"end":{"line":3,"column":29}},"4":{"start":{"line":4,"column":0},"end":{"line":4,"column":27}},"5":{"start":{"line":31,"column":0},"end":{"line":33,"column":2}},"6":{"start":{"line":32,"column":2},"end":{"line":32,"column":46}},"7":{"start":{"line":38,"column":0},"end":{"line":45,"column":2}},"8":{"start":{"line":40,"column":2},"end":{"line":40,"column":78}},"9":{"start":{"line":41,"column":2},"end":{"line":43,"column":4}},"10":{"start":{"line":44,"column":2},"end":{"line":44,"column":57}},"11":{"start":{"line":71,"column":0},"end":{"line":73,"column":2}},"12":{"start":{"line":72,"column":2},"end":{"line":72,"column":50}},"13":{"start":{"line":78,"column":0},"end":{"line":86,"column":2}},"14":{"start":{"line":80,"column":2},"end":{"line":80,"column":78}},"15":{"start":{"line":81,"column":2},"end":{"line":84,"column":4}},"16":{"start":{"line":85,"column":2},"end":{"line":85,"column":57}},"17":{"start":{"line":111,"column":0},"end":{"line":113,"column":2}},"18":{"start":{"line":112,"column":2},"end":{"line":112,"column":46}},"19":{"start":{"line":118,"column":0},"end":{"line":125,"column":2}},"20":{"start":{"line":120,"column":2},"end":{"line":120,"column":78}},"21":{"start":{"line":121,"column":2},"end":{"line":123,"column":5}},"22":{"start":{"line":124,"column":2},"end":{"line":124,"column":47}},"23":{"start":{"line":156,"column":0},"end":{"line":158,"column":2}},"24":{"start":{"line":157,"column":2},"end":{"line":157,"column":48}},"25":{"start":{"line":163,"column":0},"end":{"line":168,"column":2}},"26":{"start":{"line":165,"column":2},"end":{"line":165,"column":75}},"27":{"start":{"line":166,"column":2},"end":{"line":166,"column":51}},"28":{"start":{"line":167,"column":2},"end":{"line":167,"column":47}},"29":{"start":{"line":211,"column":0},"end":{"line":213,"column":2}},"30":{"start":{"line":212,"column":2},"end":{"line":212,"column":48}},"31":{"start":{"line":218,"column":0},"end":{"line":226,"column":2}},"32":{"start":{"line":220,"column":2},"end":{"line":220,"column":83}},"33":{"start":{"line":221,"column":2},"end":{"line":224,"column":4}},"34":{"start":{"line":225,"column":2},"end":{"line":225,"column":57}},"35":{"start":{"line":269,"column":0},"end":{"line":271,"column":2}},"36":{"start":{"line":270,"column":2},"end":{"line":270,"column":51}},"37":{"start":{"line":276,"column":0},"end":{"line":284,"column":2}},"38":{"start":{"line":278,"column":2},"end":{"line":278,"column":83}},"39":{"start":{"line":279,"column":2},"end":{"line":282,"column":4}},"40":{"start":{"line":283,"column":2},"end":{"line":283,"column":57}}},"branchMap":{}},"/Users/jacksontian/git/wechat-enterprise/lib/api_user.js":{"path":"/Users/jacksontian/git/wechat-enterprise/lib/api_user.js","s":{"1":1,"2":1,"3":1,"4":1,"5":1,"6":1,"7":1,"8":1,"9":1,"10":1,"11":1,"12":1,"13":1,"14":1,"15":1,"16":1,"17":1,"18":1,"19":1,"20":1,"21":1,"22":1,"23":2,"24":1,"25":2,"26":2,"27":2,"28":1,"29":1,"30":1,"31":1,"32":1,"33":1,"34":1,"35":1,"36":1,"37":1,"38":1,"39":1,"40":1,"41":1,"42":1,"43":1},"b":{"1":[1,1],"2":[1,1]},"f":{"1":1,"2":1,"3":1,"4":1,"5":1,"6":1,"7":2,"8":2,"9":1,"10":1,"11":1,"12":1,"13":1},"fnMap":{"1":{"name":"(anonymous_1)","line":45,"loc":{"start":{"line":45,"column":21},"end":{"line":45,"column":47}}},"2":{"name":"(anonymous_2)","line":52,"loc":{"start":{"line":52,"column":22},"end":{"line":52,"column":48}}},"3":{"name":"(anonymous_3)","line":95,"loc":{"start":{"line":95,"column":21},"end":{"line":95,"column":47}}},"4":{"name":"(anonymous_4)","line":102,"loc":{"start":{"line":102,"column":22},"end":{"line":102,"column":48}}},"5":{"name":"(anonymous_5)","line":131,"loc":{"start":{"line":131,"column":21},"end":{"line":131,"column":45}}},"6":{"name":"(anonymous_6)","line":138,"loc":{"start":{"line":138,"column":22},"end":{"line":138,"column":46}}},"7":{"name":"(anonymous_7)","line":179,"loc":{"start":{"line":179,"column":18},"end":{"line":179,"column":42}}},"8":{"name":"(anonymous_8)","line":186,"loc":{"start":{"line":186,"column":19},"end":{"line":186,"column":43}}},"9":{"name":"(anonymous_9)","line":224,"loc":{"start":{"line":224,"column":29},"end":{"line":224,"column":83}}},"10":{"name":"(anonymous_10)","line":231,"loc":{"start":{"line":231,"column":30},"end":{"line":231,"column":84}}},"11":{"name":"(anonymous_11)","line":268,"loc":{"start":{"line":268,"column":26},"end":{"line":268,"column":52}}},"12":{"name":"(anonymous_12)","line":275,"loc":{"start":{"line":275,"column":27},"end":{"line":275,"column":53}}},"13":{"name":"(anonymous_13)","line":294,"loc":{"start":{"line":294,"column":26},"end":{"line":294,"column":60}}}},"statementMap":{"1":{"start":{"line":1,"column":0},"end":{"line":1,"column":41}},"2":{"start":{"line":2,"column":0},"end":{"line":2,"column":31}},"3":{"start":{"line":3,"column":0},"end":{"line":3,"column":29}},"4":{"start":{"line":4,"column":0},"end":{"line":4,"column":27}},"5":{"start":{"line":5,"column":0},"end":{"line":5,"column":29}},"6":{"start":{"line":45,"column":0},"end":{"line":47,"column":2}},"7":{"start":{"line":46,"column":2},"end":{"line":46,"column":47}},"8":{"start":{"line":52,"column":0},"end":{"line":56,"column":2}},"9":{"start":{"line":54,"column":2},"end":{"line":54,"column":79}},"10":{"start":{"line":55,"column":2},"end":{"line":55,"column":57}},"11":{"start":{"line":95,"column":0},"end":{"line":97,"column":2}},"12":{"start":{"line":96,"column":2},"end":{"line":96,"column":47}},"13":{"start":{"line":102,"column":0},"end":{"line":106,"column":2}},"14":{"start":{"line":104,"column":2},"end":{"line":104,"column":79}},"15":{"start":{"line":105,"column":2},"end":{"line":105,"column":57}},"16":{"start":{"line":131,"column":0},"end":{"line":133,"column":2}},"17":{"start":{"line":132,"column":2},"end":{"line":132,"column":47}},"18":{"start":{"line":138,"column":0},"end":{"line":143,"column":2}},"19":{"start":{"line":140,"column":2},"end":{"line":140,"column":79}},"20":{"start":{"line":141,"column":2},"end":{"line":141,"column":52}},"21":{"start":{"line":142,"column":2},"end":{"line":142,"column":47}},"22":{"start":{"line":179,"column":0},"end":{"line":181,"column":2}},"23":{"start":{"line":180,"column":2},"end":{"line":180,"column":44}},"24":{"start":{"line":186,"column":0},"end":{"line":191,"column":2}},"25":{"start":{"line":188,"column":2},"end":{"line":188,"column":76}},"26":{"start":{"line":189,"column":2},"end":{"line":189,"column":52}},"27":{"start":{"line":190,"column":2},"end":{"line":190,"column":47}},"28":{"start":{"line":224,"column":0},"end":{"line":226,"column":2}},"29":{"start":{"line":225,"column":2},"end":{"line":225,"column":55}},"30":{"start":{"line":231,"column":0},"end":{"line":243,"column":2}},"31":{"start":{"line":233,"column":2},"end":{"line":233,"column":83}},"32":{"start":{"line":234,"column":2},"end":{"line":241,"column":4}},"33":{"start":{"line":242,"column":2},"end":{"line":242,"column":47}},"34":{"start":{"line":268,"column":0},"end":{"line":270,"column":2}},"35":{"start":{"line":269,"column":2},"end":{"line":269,"column":52}},"36":{"start":{"line":275,"column":0},"end":{"line":286,"column":2}},"37":{"start":{"line":277,"column":2},"end":{"line":277,"column":84}},"38":{"start":{"line":278,"column":2},"end":{"line":284,"column":4}},"39":{"start":{"line":285,"column":2},"end":{"line":285,"column":47}},"40":{"start":{"line":294,"column":0},"end":{"line":305,"column":2}},"41":{"start":{"line":295,"column":2},"end":{"line":295,"column":66}},"42":{"start":{"line":296,"column":2},"end":{"line":302,"column":4}},"43":{"start":{"line":304,"column":2},"end":{"line":304,"column":70}}},"branchMap":{"1":{"line":300,"type":"binary-expr","locations":[{"start":{"line":300,"column":11},"end":{"line":300,"column":16}},{"start":{"line":300,"column":20},"end":{"line":300,"column":33}}]},"2":{"line":301,"type":"binary-expr","locations":[{"start":{"line":301,"column":11},"end":{"line":301,"column":16}},{"start":{"line":301,"column":20},"end":{"line":301,"column":22}}]}}}}